<?xml version="1.0" encoding="UTF-8"?>
<testng-results skipped="0" failed="0" total="0" passed="0">
  <reporter-output>
  </reporter-output>
  <suite name="cucumber.options.TestRunner" duration-ms="2" started-at="2021-04-23T14:23:43Z" finished-at="2021-04-23T14:23:43Z">
    <groups>
    </groups>
    <test name="Command line test" duration-ms="2" started-at="2021-04-23T14:23:43Z" finished-at="2021-04-23T14:23:43Z">
    </test> <!-- Command line test -->
  </suite> <!-- cucumber.options.TestRunner -->
</testng-results>
